  Loader.cpp
  Player_Attack.cpp
c:\users\dev.bae\desktop\sr_-_maple\client\private\player_attack.cpp(132): warning C4244: '인수': 'Engine::_float'에서 'Engine::_uint'(으)로 변환하면서 데이터가 손실될 수 있습니다.
  Player.cpp
c:\users\dev.bae\desktop\sr_-_maple\client\private\player.cpp(161): warning C4390: ';': 제어된 빈 문이 있습니다. 이 문이 필요합니까?
c:\users\dev.bae\desktop\sr_-_maple\client\private\player.cpp(174): warning C4390: ';': 제어된 빈 문이 있습니다. 이 문이 필요합니까?
c:\users\dev.bae\desktop\sr_-_maple\client\private\player.cpp(277): warning C4244: '인수': 'Engine::_float'에서 'Engine::_uint'(으)로 변환하면서 데이터가 손실될 수 있습니다.
c:\users\dev.bae\desktop\sr_-_maple\client\private\player.cpp(432): error C2065: 'UP_STATE': 선언되지 않은 식별자입니다.
c:\users\dev.bae\desktop\sr_-_maple\client\private\player.cpp(439): error C2065: 'RIGHT_STATE': 선언되지 않은 식별자입니다.
c:\users\dev.bae\desktop\sr_-_maple\client\private\player.cpp(447): error C2065: 'LEFT_STATE': 선언되지 않은 식별자입니다.
c:\users\dev.bae\desktop\sr_-_maple\client\private\player.cpp(454): error C2065: 'DOWN_STATE': 선언되지 않은 식별자입니다.
c:\users\dev.bae\desktop\sr_-_maple\client\private\player.cpp(461): error C2065: 'RT_STATE': 선언되지 않은 식별자입니다.
c:\users\dev.bae\desktop\sr_-_maple\client\private\player.cpp(468): error C2065: 'LT_STATE': 선언되지 않은 식별자입니다.
c:\users\dev.bae\desktop\sr_-_maple\client\private\player.cpp(476): error C2065: 'LD_STATE': 선언되지 않은 식별자입니다.
c:\users\dev.bae\desktop\sr_-_maple\client\private\player.cpp(483): error C2065: 'RD_STATE': 선언되지 않은 식별자입니다.
c:\users\dev.bae\desktop\sr_-_maple\client\private\player.cpp(491): warning C4553: '==': 의미 없는 연산자입니다. '='을(를) 사용하려고 했습니까?
c:\users\dev.bae\desktop\sr_-_maple\client\private\player.cpp(497): error C2065: 'RIGHT_STATE': 선언되지 않은 식별자입니다.
c:\users\dev.bae\desktop\sr_-_maple\client\private\player.cpp(497): error C2065: 'm_ePlayer_Attack': 선언되지 않은 식별자입니다.
c:\users\dev.bae\desktop\sr_-_maple\client\private\player.cpp(502): error C2065: 'UP_STATE': 선언되지 않은 식별자입니다.
c:\users\dev.bae\desktop\sr_-_maple\client\private\player.cpp(502): error C2065: 'm_ePlayer_Attack': 선언되지 않은 식별자입니다.
  Level_GamePlay.cpp
  코드를 생성하고 있습니다...
c:\users\dev.bae\desktop\sr_-_maple\client\private\level_gameplay.cpp(148): warning C4715: 'Client::CLevel_GamePlay::Ready_Layer_TestBox': 모든 제어 경로에서 값을 반환하지는 않습니다.
c:\users\dev.bae\desktop\sr_-_maple\client\private\level_gameplay.cpp(264): warning C4715: 'Client::CLevel_GamePlay::Ready_Layer_UI': 모든 제어 경로에서 값을 반환하지는 않습니다.
  컴파일하고 있습니다...
  Camera_Dynamic.cpp
  코드를 생성하고 있습니다...
