c:\users\dev.bae\desktop\teampo6\sr_-_maple\client\default\x64\debug\client.pch
c:\users\dev.bae\desktop\teampo6\sr_-_maple\client\default\x64\debug\vc140.pdb
c:\users\dev.bae\desktop\teampo6\sr_-_maple\client\default\x64\debug\vc140.idb
c:\users\dev.bae\desktop\teampo6\sr_-_maple\client\default\x64\debug\stdafx.obj
c:\users\dev.bae\desktop\teampo6\sr_-_maple\client\default\x64\debug\playerinfoui.obj
c:\users\dev.bae\desktop\teampo6\sr_-_maple\client\default\x64\debug\skillinfoui.obj
c:\users\dev.bae\desktop\teampo6\sr_-_maple\client\default\x64\debug\skillbookui.obj
c:\users\dev.bae\desktop\teampo6\sr_-_maple\client\default\x64\debug\sky.obj
c:\users\dev.bae\desktop\teampo6\sr_-_maple\client\default\x64\debug\terrain.obj
c:\users\dev.bae\desktop\teampo6\sr_-_maple\client\default\x64\debug\testbox.obj
c:\users\dev.bae\desktop\teampo6\sr_-_maple\client\default\x64\debug\yetiskill.obj
c:\users\dev.bae\desktop\teampo6\sr_-_maple\client\default\x64\debug\background.obj
c:\users\dev.bae\desktop\teampo6\sr_-_maple\client\default\x64\debug\body_effect.obj
c:\users\dev.bae\desktop\teampo6\sr_-_maple\client\default\x64\debug\effect.obj
c:\users\dev.bae\desktop\teampo6\sr_-_maple\client\default\x64\debug\level_logo.obj
c:\users\dev.bae\desktop\teampo6\sr_-_maple\client\default\x64\debug\litening_effect.obj
c:\users\dev.bae\desktop\teampo6\sr_-_maple\client\default\x64\debug\meteo_effect.obj
c:\users\dev.bae\desktop\teampo6\sr_-_maple\client\default\x64\debug\consumitem.obj
c:\users\dev.bae\desktop\teampo6\sr_-_maple\client\default\x64\debug\cubeterrain.obj
c:\users\dev.bae\desktop\teampo6\sr_-_maple\client\default\x64\debug\expbarui.obj
c:\users\dev.bae\desktop\teampo6\sr_-_maple\client\default\x64\debug\hpbarui.obj
c:\users\dev.bae\desktop\teampo6\sr_-_maple\client\default\x64\debug\inventorybuttonui.obj
c:\users\dev.bae\desktop\teampo6\sr_-_maple\client\default\x64\debug\item.obj
c:\users\dev.bae\desktop\teampo6\sr_-_maple\client\default\x64\debug\iteminfoui.obj
c:\users\dev.bae\desktop\teampo6\sr_-_maple\client\default\x64\debug\level_loading.obj
c:\users\dev.bae\desktop\teampo6\sr_-_maple\client\default\x64\debug\logoui.obj
c:\users\dev.bae\desktop\teampo6\sr_-_maple\client\default\x64\debug\lupangskill.obj
c:\users\dev.bae\desktop\teampo6\sr_-_maple\client\default\x64\debug\mainapp.obj
c:\users\dev.bae\desktop\teampo6\sr_-_maple\client\default\x64\debug\level_gameplay.obj
c:\users\dev.bae\desktop\teampo6\sr_-_maple\client\default\x64\debug\bellamonster.obj
c:\users\dev.bae\desktop\teampo6\sr_-_maple\client\default\x64\debug\lupangmonster.obj
c:\users\dev.bae\desktop\teampo6\sr_-_maple\client\default\x64\debug\monster.obj
c:\users\dev.bae\desktop\teampo6\sr_-_maple\client\default\x64\debug\yetimonster.obj
c:\users\dev.bae\desktop\teampo6\sr_-_maple\client\default\x64\debug\skill_meteo.obj
c:\users\dev.bae\desktop\teampo6\sr_-_maple\client\default\x64\debug\client.obj
c:\users\dev.bae\desktop\teampo6\sr_-_maple\client\default\x64\debug\inventoryui.obj
c:\users\dev.bae\desktop\teampo6\sr_-_maple\client\default\x64\debug\camera_dynamic.obj
c:\users\dev.bae\desktop\teampo6\sr_-_maple\client\default\x64\debug\player_attack.obj
c:\users\dev.bae\desktop\teampo6\sr_-_maple\client\default\x64\debug\player.obj
c:\users\dev.bae\desktop\teampo6\sr_-_maple\client\default\x64\debug\player_skill.obj
c:\users\dev.bae\desktop\teampo6\sr_-_maple\client\default\x64\debug\iconui.obj
c:\users\dev.bae\desktop\teampo6\sr_-_maple\client\default\x64\debug\loader.obj
c:\users\dev.bae\desktop\teampo6\sr_-_maple\client\default\x64\debug\client.res
c:\users\dev.bae\desktop\teampo6\sr_-_maple\client\default\x64\debug\skill.obj
c:\users\dev.bae\desktop\teampo6\sr_-_maple\client\default\x64\debug\player.obj.enc
c:\users\dev.bae\desktop\teampo6\sr_-_maple\client\default\x64\debug\player_skill.obj.enc
c:\users\dev.bae\desktop\teampo6\sr_-_maple\client\default\x64\debug\client.tlog\cl.command.1.tlog
c:\users\dev.bae\desktop\teampo6\sr_-_maple\client\default\x64\debug\client.tlog\cl.read.1.tlog
c:\users\dev.bae\desktop\teampo6\sr_-_maple\client\default\x64\debug\client.tlog\cl.write.1.tlog
c:\users\dev.bae\desktop\teampo6\sr_-_maple\client\default\x64\debug\client.tlog\link-cvtres.read.1.tlog
c:\users\dev.bae\desktop\teampo6\sr_-_maple\client\default\x64\debug\client.tlog\link-cvtres.write.1.tlog
c:\users\dev.bae\desktop\teampo6\sr_-_maple\client\default\x64\debug\client.tlog\link-rc.read.1.tlog
c:\users\dev.bae\desktop\teampo6\sr_-_maple\client\default\x64\debug\client.tlog\link-rc.write.1.tlog
c:\users\dev.bae\desktop\teampo6\sr_-_maple\client\default\x64\debug\client.tlog\link.command.1.tlog
c:\users\dev.bae\desktop\teampo6\sr_-_maple\client\default\x64\debug\client.tlog\link.read.1.tlog
c:\users\dev.bae\desktop\teampo6\sr_-_maple\client\default\x64\debug\client.tlog\link.write.1.tlog
c:\users\dev.bae\desktop\teampo6\sr_-_maple\client\default\x64\debug\client.tlog\rc.command.1.tlog
c:\users\dev.bae\desktop\teampo6\sr_-_maple\client\default\x64\debug\client.tlog\rc.read.1.tlog
c:\users\dev.bae\desktop\teampo6\sr_-_maple\client\default\x64\debug\client.tlog\rc.write.1.tlog
